<?xml version="1.0" encoding="UTF-8"?>
<!-- Generated by org.testng.reporters.JUnitReportReporter -->
<testsuite hostname="DESKTOP-67O2PR7" failures="0" tests="1" name="CURDWITHOUTBDD.GetAllProjects" time="4.372" errors="0" timestamp="2023-01-16T12:41:14 IST" skipped="0">
  <testcase classname="CURDWITHOUTBDD.GetAllProjects" name="PostTheRequest" time="4.372"/>
</testsuite> <!-- CURDWITHOUTBDD.GetAllProjects -->
