<?xml version="1.0" encoding="UTF-8"?>
<!-- Generated by org.testng.reporters.JUnitReportReporter -->
<testsuite hostname="DESKTOP-67O2PR7" failures="0" tests="1" name="DifferentWaystopost.UsingJsonFile" time="2.709" errors="0" timestamp="2023-01-10T10:43:35 IST" skipped="0">
  <testcase classname="DifferentWaystopost.UsingJsonFile" name="JsonFile" time="2.709"/>
</testsuite> <!-- DifferentWaystopost.UsingJsonFile -->
