<?xml version="1.0" encoding="UTF-8"?>
<!-- Generated by org.testng.reporters.JUnitReportReporter -->
<testsuite hostname="DESKTOP-67O2PR7" failures="0" tests="1" name="Parser.Serilization" time="0.311" errors="0" timestamp="2023-01-12T15:29:55 IST" skipped="0">
  <testcase classname="Parser.Serilization" name="createproject" time="0.311"/>
</testsuite> <!-- Parser.Serilization -->
