<?xml version="1.0" encoding="UTF-8"?>
<!-- Generated by org.testng.reporters.JUnitReportReporter -->
<testsuite hostname="DESKTOP-67O2PR7" failures="0" tests="1" name="Validation.Projectmdulevalidate" time="3.334" errors="0" timestamp="2023-01-10T17:11:18 IST" skipped="0">
  <testcase classname="Validation.Projectmdulevalidate" name="post" time="3.334"/>
</testsuite> <!-- Validation.Projectmdulevalidate -->
