<?xml version="1.0" encoding="UTF-8"?>
<!-- Generated by org.testng.reporters.JUnitReportReporter -->
<testsuite hostname="DESKTOP-67O2PR7" failures="0" tests="1" name="Validation.PostValidation" time="4.465" errors="0" timestamp="2023-01-10T17:37:17 IST" skipped="0">
  <testcase classname="Validation.PostValidation" name="post" time="4.465"/>
</testsuite> <!-- Validation.PostValidation -->
