<?xml version="1.0" encoding="UTF-8"?>
<!-- Generated by org.testng.reporters.JUnitReportReporter -->
<testsuite hostname="DESKTOP-67O2PR7" failures="0" tests="1" name="CURDWITHOUTBDD.updatedproject" time="3.044" errors="0" timestamp="2023-01-09T13:13:37 IST" skipped="0">
  <testcase classname="CURDWITHOUTBDD.updatedproject" name="PostTheRequest" time="3.044"/>
</testsuite> <!-- CURDWITHOUTBDD.updatedproject -->
