<?xml version="1.0" encoding="UTF-8"?>
<!-- Generated by org.testng.reporters.JUnitReportReporter -->
<testsuite hostname="DESKTOP-67O2PR7" failures="0" tests="1" name="Pojoscript.ProjectModule" time="4.214" errors="0" timestamp="2023-01-13T14:41:38 IST" skipped="0">
  <testcase classname="Pojoscript.ProjectModule" name="createproject" time="4.214"/>
</testsuite> <!-- Pojoscript.ProjectModule -->
