<?xml version="1.0" encoding="UTF-8"?>
<!-- Generated by org.testng.reporters.JUnitReportReporter -->
<testsuite hostname="DESKTOP-67O2PR7" failures="0" tests="2" name="GoRest.GorestApi" time="8.951" errors="0" timestamp="2023-02-19T00:06:05 IST" skipped="0">
  <testcase classname="GoRest.GorestApi" name="getuser" time="0.384"/>
  <testcase classname="GoRest.GorestApi" name="createuser" time="8.567"/>
</testsuite> <!-- GoRest.GorestApi -->
