<?xml version="1.0" encoding="UTF-8"?>
<!-- Generated by org.testng.reporters.JUnitReportReporter -->
<testsuite hostname="DESKTOP-67O2PR7" failures="0" tests="1" name="Authentication.Autho_0Github" time="3.879" errors="0" timestamp="2023-01-12T14:49:45 IST" skipped="0">
  <testcase classname="Authentication.Autho_0Github" name="autho2_0git" time="3.879"/>
</testsuite> <!-- Authentication.Autho_0Github -->
