<?xml version="1.0" encoding="UTF-8"?>
<!-- Generated by org.testng.reporters.JUnitReportReporter -->
<testsuite hostname="DESKTOP-67O2PR7" failures="0" tests="1" name="CRUDWITHBDD.POST" time="3.036" errors="0" timestamp="2023-01-09T15:53:59 IST" skipped="0">
  <testcase classname="CRUDWITHBDD.POST" name="Posttherequest" time="3.036"/>
</testsuite> <!-- CRUDWITHBDD.POST -->
