<?xml version="1.0" encoding="UTF-8"?>
<!-- Generated by org.testng.reporters.JUnitReportReporter -->
<testsuite hostname="DESKTOP-67O2PR7" failures="0" tests="1" name="CRUDWITHBDD.Get" time="4.361" errors="0" timestamp="2023-01-10T16:01:11 IST" skipped="0">
  <testcase classname="CRUDWITHBDD.Get" name="getallproject" time="4.361"/>
</testsuite> <!-- CRUDWITHBDD.Get -->
