<?xml version="1.0" encoding="UTF-8"?>
<!-- Generated by org.testng.reporters.JUnitReportReporter -->
<testsuite hostname="DESKTOP-67O2PR7" failures="0" tests="1" name="Parser.DeserlizationwithArrayComplex" time="0.365" errors="0" timestamp="2023-01-12T17:05:10 IST" skipped="0">
  <testcase classname="Parser.DeserlizationwithArrayComplex" name="deserler" time="0.365"/>
</testsuite> <!-- Parser.DeserlizationwithArrayComplex -->
