<?xml version="1.0" encoding="UTF-8"?>
<!-- Generated by org.testng.reporters.JUnitReportReporter -->
<testsuite hostname="DESKTOP-67O2PR7" failures="0" tests="1" name="CURDWITHOUTBDD.GetSingleProjects" time="2.514" errors="0" timestamp="2023-01-09T13:15:31 IST" skipped="0">
  <testcase classname="CURDWITHOUTBDD.GetSingleProjects" name="PostTheRequest" time="2.514"/>
</testsuite> <!-- CURDWITHOUTBDD.GetSingleProjects -->
