<?xml version="1.0" encoding="UTF-8"?>
<!-- Generated by org.testng.reporters.JUnitReportReporter -->
<testsuite hostname="DESKTOP-67O2PR7" failures="0" tests="1" name="Parser.DeserlizationwithArray" time="0.280" errors="0" timestamp="2023-01-12T15:52:32 IST" skipped="0">
  <testcase classname="Parser.DeserlizationwithArray" name="deser" time="0.280"/>
</testsuite> <!-- Parser.DeserlizationwithArray -->
