<?xml version="1.0" encoding="UTF-8"?>
<!-- Generated by org.testng.reporters.JUnitReportReporter -->
<testsuite hostname="DESKTOP-67O2PR7" failures="0" tests="1" name="Validation.Staticvalidation" time="4.919" errors="0" timestamp="2023-01-10T16:06:05 IST" skipped="0">
  <testcase classname="Validation.Staticvalidation" name="staticvalidation" time="4.919"/>
</testsuite> <!-- Validation.Staticvalidation -->
