<?xml version="1.0" encoding="UTF-8"?>
<!-- Generated by org.testng.reporters.JUnitReportReporter -->
<testsuite hostname="DESKTOP-67O2PR7" failures="0" tests="1" name="Validation.DynamicValidation" time="5.224" errors="0" timestamp="2023-01-11T09:56:38 IST" skipped="0">
  <testcase classname="Validation.DynamicValidation" name="dynamicvalidation" time="5.224"/>
</testsuite> <!-- Validation.DynamicValidation -->
