<?xml version="1.0" encoding="UTF-8"?>
<!-- Generated by org.testng.reporters.JUnitReportReporter -->
<testsuite hostname="DESKTOP-67O2PR7" failures="0" tests="1" name="Parametrs.PathParameters" time="2.348" errors="0" timestamp="2023-01-10T17:49:09 IST" skipped="0">
  <testcase classname="Parametrs.PathParameters" name="Path" time="2.348"/>
</testsuite> <!-- Parametrs.PathParameters -->
