<?xml version="1.0" encoding="UTF-8"?>
<!-- Generated by org.testng.reporters.JUnitReportReporter -->
<testsuite hostname="DESKTOP-67O2PR7" failures="0" tests="1" name="CRUDWITHBDD.DelectTheproject" time="2.441" errors="0" timestamp="2023-01-09T15:57:41 IST" skipped="0">
  <testcase classname="CRUDWITHBDD.DelectTheproject" name="deletproject" time="2.441"/>
</testsuite> <!-- CRUDWITHBDD.DelectTheproject -->
