<?xml version="1.0" encoding="UTF-8"?>
<!-- Generated by org.testng.reporters.JUnitReportReporter -->
<testsuite hostname="DESKTOP-67O2PR7" failures="0" tests="1" name="Parser.SerelizationWithArray" time="0.283" errors="0" timestamp="2023-01-12T15:49:54 IST" skipped="0">
  <testcase classname="Parser.SerelizationWithArray" name="seriliwitharray" time="0.283"/>
</testsuite> <!-- Parser.SerelizationWithArray -->
