<?xml version="1.0" encoding="UTF-8"?>
<!-- Generated by org.testng.reporters.JUnitReportReporter -->
<testsuite hostname="DESKTOP-67O2PR7" failures="0" tests="2" name="Authentication.Basicautho" time="3.094" errors="0" timestamp="2023-01-11T14:56:07 IST" skipped="0">
  <testcase classname="Authentication.Basicautho" name="basicautho" time="2.937"/>
  <testcase classname="Authentication.Basicautho" name="digestautho" time="0.157"/>
</testsuite> <!-- Authentication.Basicautho -->
