<?xml version="1.0" encoding="UTF-8"?>
<!-- Generated by org.testng.reporters.JUnitReportReporter -->
<testsuite hostname="DESKTOP-67O2PR7" failures="0" tests="1" name="Parser.DeserlizationwithArrayComplexArrayofObject" time="0.294" errors="0" timestamp="2023-01-12T17:40:51 IST" skipped="0">
  <testcase classname="Parser.DeserlizationwithArrayComplexArrayofObject" name="deserler" time="0.294"/>
</testsuite> <!-- Parser.DeserlizationwithArrayComplexArrayofObject -->
