<?xml version="1.0" encoding="UTF-8"?>
<!-- Generated by org.testng.reporters.JUnitReportReporter -->
<testsuite hostname="DESKTOP-67O2PR7" failures="0" tests="1" name="RequestChaning.RequestChaning" time="3.857" errors="0" timestamp="2023-01-13T17:32:36 IST" skipped="0">
  <testcase classname="RequestChaning.RequestChaning" name="requestchain" time="3.857"/>
</testsuite> <!-- RequestChaning.RequestChaning -->
