<?xml version="1.0" encoding="UTF-8"?>
<!-- Generated by org.testng.reporters.JUnitReportReporter -->
<testsuite hostname="DESKTOP-67O2PR7" failures="0" tests="1" name="Parser.Deserlization" time="0.317" errors="0" timestamp="2023-01-12T15:41:20 IST" skipped="0">
  <testcase classname="Parser.Deserlization" name="deser" time="0.317"/>
</testsuite> <!-- Parser.Deserlization -->
