<?xml version="1.0" encoding="UTF-8"?>
<!-- Generated by org.testng.reporters.JUnitReportReporter -->
<testsuite hostname="DESKTOP-67O2PR7" failures="0" tests="1" name="CURDWITHOUTBDD.DelectoneProject" time="2.627" errors="0" timestamp="2023-01-09T15:08:52 IST" skipped="0">
  <testcase classname="CURDWITHOUTBDD.DelectoneProject" name="PostTheRequest" time="2.627"/>
</testsuite> <!-- CURDWITHOUTBDD.DelectoneProject -->
