<?xml version="1.0" encoding="UTF-8"?>
<!-- Generated by org.testng.reporters.JUnitReportReporter -->
<testsuite hostname="DESKTOP-67O2PR7" failures="0" tests="1" name="DifferentWaystopost.Byusingasmap" time="5.128" errors="0" timestamp="2023-01-10T10:52:17 IST" skipped="0">
  <testcase classname="DifferentWaystopost.Byusingasmap" name="HasMap" time="5.128"/>
</testsuite> <!-- DifferentWaystopost.Byusingasmap -->
